<?xml version="1.0" encoding="UTF-8"?>
<!-- Generated by org.testng.reporters.JUnitXMLReporter -->
<testsuite hostname="DON-DELL" ignored="0" name="Default test" tests="3" failures="0" timestamp="28 Mar 2020 01:40:28 GMT" time="52.798" errors="0">
  <testcase name="test_Home_Page" time="15.19" classname="test.TestTodoistLogin"/>
  <testcase name="test_Add_Task_To_Today_Page" time="0.913" classname="test.TestTodoistAddTaskToToday"/>
  <testcase name="test_Dont_Add_Task_To_Today_Page" time="0.697" classname="test.TestTodoistAddTaskToToday"/>
</testsuite> <!-- Default test -->
