<?xml version="1.0" encoding="UTF-8"?>
<testng-results skipped="0" failed="0" ignored="0" total="3" passed="3">
  <reporter-output>
  </reporter-output>
  <suite name="Default suite" duration-ms="52798" started-at="2020-03-28T01:39:36Z" finished-at="2020-03-28T01:40:28Z">
    <groups>
    </groups>
    <test name="Default test" duration-ms="52798" started-at="2020-03-28T01:39:36Z" finished-at="2020-03-28T01:40:28Z">
      <class name="test.TestTodoistLogin">
        <test-method status="PASS" signature="test_Home_Page()[pri:0, instance:test.TestTodoistLogin@15eef3d]" name="test_Home_Page" duration-ms="15190" started-at="2020-03-27T18:40:10Z" finished-at="2020-03-27T18:40:26Z">
          <reporter-output>
          </reporter-output>
        </test-method> <!-- test_Home_Page -->
      </class> <!-- test.TestTodoistLogin -->
      <class name="test.TestTodoistAddTaskToToday">
        <test-method status="PASS" signature="setup()[pri:0, instance:test.TestTodoistAddTaskToToday@f4468b]" name="setup" is-config="true" duration-ms="18432" started-at="2020-03-27T18:39:36Z" finished-at="2020-03-27T18:39:54Z">
          <reporter-output>
          </reporter-output>
        </test-method> <!-- setup -->
        <test-method status="PASS" signature="setup()[pri:0, instance:test.TestTodoistLogin@15eef3d]" name="setup" is-config="true" duration-ms="16369" started-at="2020-03-27T18:39:54Z" finished-at="2020-03-27T18:40:10Z">
          <reporter-output>
          </reporter-output>
        </test-method> <!-- setup -->
        <test-method status="PASS" signature="test_Add_Task_To_Today_Page()[pri:0, instance:test.TestTodoistAddTaskToToday@f4468b]" name="test_Add_Task_To_Today_Page" duration-ms="913" started-at="2020-03-27T18:40:26Z" finished-at="2020-03-27T18:40:27Z">
          <reporter-output>
          </reporter-output>
        </test-method> <!-- test_Add_Task_To_Today_Page -->
        <test-method status="PASS" signature="test_Dont_Add_Task_To_Today_Page()[pri:1, instance:test.TestTodoistAddTaskToToday@f4468b]" name="test_Dont_Add_Task_To_Today_Page" duration-ms="697" started-at="2020-03-27T18:40:27Z" finished-at="2020-03-27T18:40:27Z">
          <reporter-output>
          </reporter-output>
        </test-method> <!-- test_Dont_Add_Task_To_Today_Page -->
        <test-method status="PASS" signature="terminateBrowser()[pri:0, instance:test.TestTodoistAddTaskToToday@f4468b]" name="terminateBrowser" is-config="true" duration-ms="1170" started-at="2020-03-27T18:40:27Z" finished-at="2020-03-27T18:40:28Z">
          <reporter-output>
          </reporter-output>
        </test-method> <!-- terminateBrowser -->
      </class> <!-- test.TestTodoistAddTaskToToday -->
    </test> <!-- Default test -->
  </suite> <!-- Default suite -->
</testng-results>
